<?xml version="1.0" encoding="UTF-8"?>
<!-- Generated by org.testng.reporters.JUnitReportReporter -->
<testsuite hostname="LAPTOP-DN3J840J" failures="0" tests="1" name="testCases.TC_002_LoginTest" time="0.722" errors="0" timestamp="2023-04-03T15:04:55 CDT" skipped="0">
  <testcase classname="testCases.TC_002_LoginTest" name="loginTest" time="0.722"/>
  <system-out/>
</testsuite> <!-- testCases.TC_002_LoginTest -->
