<?xml version="1.0" encoding="UTF-8"?>
<!-- Generated by org.testng.reporters.JUnitReportReporter -->
<testsuite hostname="LAPTOP-DN3J840J" failures="0" tests="1" name="testCases.TC_002_LoginTest" time="0.491" errors="0" timestamp="2023-04-02T14:36:31 CDT" skipped="0">
  <testcase classname="testCases.TC_002_LoginTest" name="loginTest" time="0.491"/>
  <system-out/>
</testsuite> <!-- testCases.TC_002_LoginTest -->
