<?xml version="1.0" encoding="UTF-8"?>
<!-- Generated by org.testng.reporters.JUnitReportReporter -->
<testsuite hostname="LAPTOP-DN3J840J" failures="0" tests="1" name="testCases.TC_001_AccountRegistrationTest" time="4.189" errors="0" timestamp="2023-04-06T12:25:43 CDT" skipped="0">
  <testcase classname="testCases.TC_001_AccountRegistrationTest" name="test_account_Registration" time="4.189"/>
  <system-out/>
</testsuite> <!-- testCases.TC_001_AccountRegistrationTest -->
